<?xml version="1.0" encoding="UTF-8"?>
<testsuite xmlns:xsi="http://www.w3.org/2001/XMLSchema-instance" xsi:noNamespaceSchemaLocation="https://maven.apache.org/surefire/maven-surefire-plugin/xsd/surefire-test-report.xsd" version="3.0.2" name="com.sahbu.ProductServiceApplicationTests" time="11.271" tests="1" errors="0" skipped="0" failures="0">
  <properties>
[...]
</properties>
  <testcase name="shouldCreateProduct" classname="com.sahbu.ProductServiceApplicationTests" time="1.031">
    <system-out><![CDATA[14:19:08.764 [main] INFO org.springframework.test.context.support.AnnotationConfigContextLoaderUtils -- Could not detect default configuration classes for test class [com.sahbu.ProductServiceApplicationTests]: ProductServiceApplicationTests does not declare any static, non-private, non-final, nested classes annotated with @Configuration.
14:19:08.794 [main] INFO org.testcontainers.images.PullPolicy -- Image pull policy will be performed by: DefaultPullPolicy()
14:19:08.795 [main] INFO org.testcontainers.utility.ImageNameSubstitutor -- Image name substitution will be performed by: DefaultImageNameSubstitutor (composite of 'ConfigurationFileImageNameSubstitutor' and 'PrefixingImageNameSubstitutor')
14:19:08.814 [main] INFO org.testcontainers.DockerClientFactory -- Testcontainers version: 1.20.6
14:19:08.922 [main] INFO org.testcontainers.dockerclient.DockerClientProviderStrategy -- Loaded org.testcontainers.dockerclient.UnixSocketClientProviderStrategy from ~/.testcontainers.properties, will try it first
14:19:09.072 [main] INFO org.testcontainers.dockerclient.DockerClientProviderStrategy -- Found Docker environment with local Unix socket (unix:///var/run/docker.sock)
14:19:09.072 [main] INFO org.testcontainers.DockerClientFactory -- Docker host IP address is localhost
14:19:09.086 [main] INFO org.testcontainers.DockerClientFactory -- Connected to docker: 
  Server Version: 27.4.0
  API Version: 1.47
  Operating System: Docker Desktop
  Total Memory: 3919 MB
  Labels: 
    com.docker.desktop.address=unix:///Users/mohdshahban/Library/Containers/com.docker.docker/Data/docker-cli.sock
14:19:09.155 [main] INFO tc.testcontainers/ryuk:0.11.0 -- Creating container for image: testcontainers/ryuk:0.11.0
14:19:09.168 [main] INFO org.testcontainers.utility.RegistryAuthLocator -- Failure when attempting to lookup auth config. Please ignore if you don't have images in an authenticated registry. Details: (dockerImageName: testcontainers/ryuk:0.11.0, configFile: /Users/mohdshahban/.docker/config.json, configEnv: DOCKER_AUTH_CONFIG). Falling back to docker-java default behaviour. Exception message: Could not execute [docker-credential-desktop, get]. Error=2, No such file or directory
14:19:09.311 [main] INFO tc.testcontainers/ryuk:0.11.0 -- Container testcontainers/ryuk:0.11.0 is starting: 012365bbe68ce3d13db2f2d820942aa1dc9882a6901d4eb8fab7d1aa23a4d195
14:19:10.318 [main] INFO tc.testcontainers/ryuk:0.11.0 -- Container testcontainers/ryuk:0.11.0 started in PT1.16277S
14:19:10.327 [main] INFO org.testcontainers.utility.RyukResourceReaper -- Ryuk started - will monitor and terminate Testcontainers containers on JVM exit
14:19:10.327 [main] INFO org.testcontainers.DockerClientFactory -- Checking the system...
14:19:10.328 [main] INFO org.testcontainers.DockerClientFactory -- ✔︎ Docker server version should be at least 1.6.0
14:19:10.328 [main] INFO tc.mongo:latest -- Creating container for image: mongo:latest
14:19:10.374 [main] INFO tc.mongo:latest -- Container mongo:latest is starting: f19436b824366c86aa86db4dcbc476292ce4d6ed05eb46e1c47b432caf403d05
14:19:13.401 [main] INFO tc.mongo:latest -- Container mongo:latest started in PT3.07281S
14:19:15.538 [main] INFO org.springframework.boot.test.context.SpringBootTestContextBootstrapper -- Found @SpringBootConfiguration com.sahbu.ProductServiceApplication for test class com.sahbu.ProductServiceApplicationTests
14:19:15.595 [main] INFO org.springframework.boot.devtools.restart.RestartApplicationListener -- Restart disabled due to context in which it is running

  .   ____          _            __ _ _
 /\\ / ___'_ __ _ _(_)_ __  __ _ \ \ \ \
( ( )\___ | '_ | '_| | '_ \/ _` | \ \ \ \
 \\/  ___)| |_)| | | | | || (_| |  ) ) ) )
  '  |____| .__|_| |_|_| |_\__, | / / / /
 =========|_|==============|___/=/_/_/_/

 :: Spring Boot ::                (v3.4.5)

2025-05-14T14:19:15.710+05:30  INFO 83109 --- [           main] c.sahbu.ProductServiceApplicationTests   : Starting ProductServiceApplicationTests using Java 21.0.4 with PID 83109 (started by mohdshahban in /Users/mohdshahban/Documents/workspace-spring-tool-suite-4-4.26.0.RELEASE/product-service)
2025-05-14T14:19:15.711+05:30  INFO 83109 --- [           main] c.sahbu.ProductServiceApplicationTests   : No active profile set, falling back to 1 default profile: "default"
2025-05-14T14:19:15.959+05:30  INFO 83109 --- [           main] .s.d.r.c.RepositoryConfigurationDelegate : Bootstrapping Spring Data MongoDB repositories in DEFAULT mode.
2025-05-14T14:19:15.977+05:30  INFO 83109 --- [           main] .s.d.r.c.RepositoryConfigurationDelegate : Finished Spring Data repository scanning in 15 ms. Found 1 MongoDB repository interface.
2025-05-14T14:19:16.124+05:30  INFO 83109 --- [           main] o.s.b.w.embedded.tomcat.TomcatWebServer  : Tomcat initialized with port 0 (http)
2025-05-14T14:19:16.130+05:30  INFO 83109 --- [           main] o.apache.catalina.core.StandardService   : Starting service [Tomcat]
2025-05-14T14:19:16.130+05:30  INFO 83109 --- [           main] o.apache.catalina.core.StandardEngine    : Starting Servlet engine: [Apache Tomcat/10.1.40]
2025-05-14T14:19:16.146+05:30  INFO 83109 --- [           main] o.a.c.c.C.[Tomcat].[localhost].[/]       : Initializing Spring embedded WebApplicationContext
2025-05-14T14:19:16.147+05:30  INFO 83109 --- [           main] w.s.c.ServletWebServerApplicationContext : Root WebApplicationContext: initialization completed in 365 ms
2025-05-14T14:19:16.166+05:30  INFO 83109 --- [           main] tc.mongo:latest                          : Creating container for image: mongo:latest
2025-05-14T14:19:16.239+05:30  INFO 83109 --- [           main] tc.mongo:latest                          : Container mongo:latest is starting: c3abe5993c9f8a77b24785398827d3fec856929359e3ef77091b6bd11fcead45
2025-05-14T14:19:17.218+05:30  INFO 83109 --- [           main] tc.mongo:latest                          : Container mongo:latest started in PT1.051692S
2025-05-14T14:19:18.606+05:30  INFO 83109 --- [           main] org.mongodb.driver.client                : MongoClient with metadata {"driver": {"name": "mongo-java-driver|sync|spring-boot", "version": "5.2.1"}, "os": {"type": "Darwin", "name": "Mac OS X", "architecture": "aarch64", "version": "15.4.1"}, "platform": "Java/Eclipse Adoptium/21.0.4+7-LTS"} created with settings MongoClientSettings{readPreference=primary, writeConcern=WriteConcern{w=null, wTimeout=null ms, journal=null}, retryWrites=true, retryReads=true, readConcern=ReadConcern{level=null}, credential=null, transportSettings=null, commandListeners=[], codecRegistry=ProvidersCodecRegistry{codecProviders=[ValueCodecProvider{}, BsonValueCodecProvider{}, DBRefCodecProvider{}, DBObjectCodecProvider{}, DocumentCodecProvider{}, CollectionCodecProvider{}, IterableCodecProvider{}, MapCodecProvider{}, GeoJsonCodecProvider{}, GridFSFileCodecProvider{}, Jsr310CodecProvider{}, JsonObjectCodecProvider{}, BsonCodecProvider{}, EnumCodecProvider{}, com.mongodb.client.model.mql.ExpressionCodecProvider@4ae2c01b, com.mongodb.Jep395RecordCodecProvider@1cab19e2, com.mongodb.KotlinCodecProvider@6879e983]}, loggerSettings=LoggerSettings{maxDocumentLength=1000}, clusterSettings={hosts=[localhost:58639], srvServiceName=mongodb, mode=SINGLE, requiredClusterType=UNKNOWN, requiredReplicaSetName='null', serverSelector='null', clusterListeners='[]', serverSelectionTimeout='30000 ms', localThreshold='15 ms'}, socketSettings=SocketSettings{connectTimeoutMS=10000, readTimeoutMS=0, receiveBufferSize=0, proxySettings=ProxySettings{host=null, port=null, username=null, password=null}}, heartbeatSocketSettings=SocketSettings{connectTimeoutMS=10000, readTimeoutMS=10000, receiveBufferSize=0, proxySettings=ProxySettings{host=null, port=null, username=null, password=null}}, connectionPoolSettings=ConnectionPoolSettings{maxSize=100, minSize=0, maxWaitTimeMS=120000, maxConnectionLifeTimeMS=0, maxConnectionIdleTimeMS=0, maintenanceInitialDelayMS=0, maintenanceFrequencyMS=60000, connectionPoolListeners=[], maxConnecting=2}, serverSettings=ServerSettings{heartbeatFrequencyMS=10000, minHeartbeatFrequencyMS=500, serverMonitoringMode=AUTO, serverListeners='[]', serverMonitorListeners='[]'}, sslSettings=SslSettings{enabled=false, invalidHostNameAllowed=false, context=null}, applicationName='null', compressorList=[], uuidRepresentation=JAVA_LEGACY, serverApi=null, autoEncryptionSettings=null, dnsClient=null, inetAddressResolver=null, contextProvider=null, timeoutMS=null}
2025-05-14T14:19:18.615+05:30  INFO 83109 --- [localhost:58639] org.mongodb.driver.cluster               : Monitor thread successfully connected to server with description ServerDescription{address=localhost:58639, type=REPLICA_SET_PRIMARY, cryptd=false, state=CONNECTED, ok=true, minWireVersion=0, maxWireVersion=25, maxDocumentSize=16777216, logicalSessionTimeoutMinutes=30, roundTripTimeNanos=8814792, minRoundTripTimeNanos=0, setName='docker-rs', canonicalAddress=f19436b82436:27017, hosts=[f19436b82436:27017], passives=[], arbiters=[], primary='f19436b82436:27017', tagSet=TagSet{[]}, electionId=7fffffff0000000000000001, setVersion=1, topologyVersion=TopologyVersion{processId=6824590742d885e7e411797c, counter=6}, lastWriteDate=Wed May 14 14:19:15 IST 2025, lastUpdateTimeNanos=113322790108791}
2025-05-14T14:19:18.933+05:30  INFO 83109 --- [           main] o.s.b.w.embedded.tomcat.TomcatWebServer  : Tomcat started on port 58650 (http) with context path '/'
2025-05-14T14:19:18.938+05:30  INFO 83109 --- [           main] c.sahbu.ProductServiceApplicationTests   : Started ProductServiceApplicationTests in 3.345 seconds (process running for 10.501)
Going to validate
2025-05-14T14:19:19.660+05:30  INFO 83109 --- [o-auto-1-exec-1] o.a.c.c.C.[Tomcat].[localhost].[/]       : Initializing Spring DispatcherServlet 'dispatcherServlet'
2025-05-14T14:19:19.660+05:30  INFO 83109 --- [o-auto-1-exec-1] o.s.web.servlet.DispatcherServlet        : Initializing Servlet 'dispatcherServlet'
2025-05-14T14:19:19.660+05:30  INFO 83109 --- [o-auto-1-exec-1] o.s.web.servlet.DispatcherServlet        : Completed initialization in 0 ms
2025-05-14T14:19:19.751+05:30  INFO 83109 --- [o-auto-1-exec-1] com.sahbu.service.ProductService         : Prodcut Successfully Created
validated
]]></system-out>
    <system-err><![CDATA[Mockito is currently self-attaching to enable the inline-mock-maker. This will no longer work in future releases of the JDK. Please add Mockito as an agent to your build what is described in Mockito's documentation: https://javadoc.io/doc/org.mockito/mockito-core/latest/org/mockito/Mockito.html#0.3
WARNING: A Java agent has been loaded dynamically (/Users/mohdshahban/.m2/repository/net/bytebuddy/byte-buddy-agent/1.15.11/byte-buddy-agent-1.15.11.jar)
WARNING: If a serviceability tool is in use, please run with -XX:+EnableDynamicAgentLoading to hide this warning
WARNING: If a serviceability tool is not in use, please run with -Djdk.instrument.traceUsage for more information
WARNING: Dynamic loading of agents will be disallowed by default in a future release
]]></system-err>
  </testcase>
</testsuite>